<?xml version="1.0" encoding="UTF-8"?>
<!-- Generated by org.testng.reporters.JUnitReportReporter -->
<testsuite hostname="vikas-PC" name="com.wdm.wdmtest.Snippet" tests="1" failures="0" timestamp="16 Dec 2018 00:23:57 GMT" time="19.359" errors="0">
  <testcase name="WebDriverManagerTest" time="19.359" classname="com.wdm.wdmtest.Snippet"/>
</testsuite> <!-- com.wdm.wdmtest.Snippet -->
